<?xml version="1.0" encoding="UTF-8"?>
<testsuite xmlns:xsi="http://www.w3.org/2001/XMLSchema-instance" xsi:noNamespaceSchemaLocation="https://maven.apache.org/surefire/maven-surefire-plugin/xsd/surefire-test-report-3.0.xsd" version="3.0" name="com.harsh.easypeasyapp.EasyPeasyAppApplicationTests" time="4.68" tests="1" errors="0" skipped="0" failures="0">
  <properties>
[...]
</properties>
  <testcase name="contextLoads" classname="com.harsh.easypeasyapp.EasyPeasyAppApplicationTests" time="0.468">
    <system-out><![CDATA[08:01:23.628 [main] INFO org.springframework.test.context.support.AnnotationConfigContextLoaderUtils -- Could not detect default configuration classes for test class [com.harsh.easypeasyapp.EasyPeasyAppApplicationTests]: EasyPeasyAppApplicationTests does not declare any static, non-private, non-final, nested classes annotated with @Configuration.
08:01:23.717 [main] INFO org.springframework.boot.test.context.SpringBootTestContextBootstrapper -- Found @SpringBootConfiguration com.harsh.easypeasyapp.EasyPeasyAppApplication for test class com.harsh.easypeasyapp.EasyPeasyAppApplicationTests

  .   ____          _            __ _ _
 /\\ / ___'_ __ _ _(_)_ __  __ _ \ \ \ \
( ( )\___ | '_ | '_| | '_ \/ _` | \ \ \ \
 \\/  ___)| |_)| | | | | || (_| |  ) ) ) )
  '  |____| .__|_| |_|_| |_\__, | / / / /
 =========|_|==============|___/=/_/_/_/
 :: Spring Boot ::                (v3.2.3)

2024-03-08T08:01:24.066+05:30  INFO 27868 --- [           main] c.h.e.EasyPeasyAppApplicationTests       : Starting EasyPeasyAppApplicationTests using Java 19.0.2 with PID 27868 (started by Harsh Deep Kalita in C:\Users\Harsh Deep Kalita\course\Refresh_Spring_Concepts\Easy-Peasy-App)
2024-03-08T08:01:24.067+05:30  INFO 27868 --- [           main] c.h.e.EasyPeasyAppApplicationTests       : No active profile set, falling back to 1 default profile: "default"
2024-03-08T08:01:24.724+05:30  INFO 27868 --- [           main] .s.d.r.c.RepositoryConfigurationDelegate : Bootstrapping Spring Data JPA repositories in DEFAULT mode.
2024-03-08T08:01:24.776+05:30  INFO 27868 --- [           main] .s.d.r.c.RepositoryConfigurationDelegate : Finished Spring Data repository scanning in 43 ms. Found 2 JPA repository interfaces.
2024-03-08T08:01:25.197+05:30  INFO 27868 --- [           main] o.hibernate.jpa.internal.util.LogHelper  : HHH000204: Processing PersistenceUnitInfo [name: default]
2024-03-08T08:01:25.258+05:30  INFO 27868 --- [           main] org.hibernate.Version                    : HHH000412: Hibernate ORM core version 6.4.4.Final
2024-03-08T08:01:25.298+05:30  INFO 27868 --- [           main] o.h.c.internal.RegionFactoryInitiator    : HHH000026: Second-level cache disabled
2024-03-08T08:01:25.557+05:30  INFO 27868 --- [           main] o.s.o.j.p.SpringPersistenceUnitInfo      : No LoadTimeWeaver setup: ignoring JPA class transformer
2024-03-08T08:01:25.586+05:30  INFO 27868 --- [           main] com.zaxxer.hikari.HikariDataSource       : HikariPool-1 - Starting...
2024-03-08T08:01:25.923+05:30  INFO 27868 --- [           main] com.zaxxer.hikari.pool.HikariPool        : HikariPool-1 - Added connection com.mysql.cj.jdbc.ConnectionImpl@3ad847f8
2024-03-08T08:01:25.925+05:30  INFO 27868 --- [           main] com.zaxxer.hikari.HikariDataSource       : HikariPool-1 - Start completed.
2024-03-08T08:01:26.788+05:30  INFO 27868 --- [           main] o.h.e.t.j.p.i.JtaPlatformInitiator       : HHH000489: No JTA platform available (set 'hibernate.transaction.jta.platform' to enable JTA platform integration)
Hibernate: drop table if exists chat_session
Hibernate: drop table if exists tutor
Hibernate: drop table if exists tutor_seq
Hibernate: drop table if exists users
Hibernate: create table chat_session (chat_session_id integer not null auto_increment, tutor_id integer, user_id integer, primary key (chat_session_id)) engine=InnoDB
Hibernate: create table tutor (availability bit, experience integer, tutor_id integer not null, genre varchar(255), guitar_type varchar(255), name varchar(255), primary key (tutor_id)) engine=InnoDB
Hibernate: create table tutor_seq (next_val bigint) engine=InnoDB
Hibernate: insert into tutor_seq values ( 1 )
Hibernate: create table users (user_id integer not null auto_increment, name varchar(255), primary key (user_id)) engine=InnoDB
2024-03-08T08:01:26.856+05:30  INFO 27868 --- [           main] j.LocalContainerEntityManagerFactoryBean : Initialized JPA EntityManagerFactory for persistence unit 'default'
2024-03-08T08:01:27.278+05:30  WARN 27868 --- [           main] JpaBaseConfiguration$JpaWebConfiguration : spring.jpa.open-in-view is enabled by default. Therefore, database queries may be performed during view rendering. Explicitly configure spring.jpa.open-in-view to disable this warning
2024-03-08T08:01:27.431+05:30  INFO 27868 --- [           main] o.s.b.a.w.s.WelcomePageHandlerMapping    : Adding welcome page: class path resource [static/index.html]
2024-03-08T08:01:27.673+05:30  INFO 27868 --- [           main] o.s.m.s.b.SimpleBrokerMessageHandler     : Starting...
2024-03-08T08:01:27.675+05:30  INFO 27868 --- [           main] o.s.m.s.b.SimpleBrokerMessageHandler     : BrokerAvailabilityEvent[available=true, SimpleBrokerMessageHandler [org.springframework.messaging.simp.broker.DefaultSubscriptionRegistry@795e8ef5]]
2024-03-08T08:01:27.676+05:30  INFO 27868 --- [           main] o.s.m.s.b.SimpleBrokerMessageHandler     : Started.
2024-03-08T08:01:27.682+05:30  INFO 27868 --- [           main] c.h.e.EasyPeasyAppApplicationTests       : Started EasyPeasyAppApplicationTests in 3.837 seconds (process running for 4.625)
]]></system-out>
  </testcase>
</testsuite>